<?xml version="1.0" encoding="UTF-8"?>
<!-- Generated by org.testng.reporters.JUnitReportReporter -->
<testsuite hostname="QARTI-NT022" name="automationFramework.Dependent" tests="3" failures="0" timestamp="6 Nov 2015 12:14:28 GMT" time="0.031" errors="0">
  <testcase name="OpenBrowser" time="0.015" classname="automationFramework.Dependent"/>
  <testcase name="SignIn" time="0.000" classname="automationFramework.Dependent"/>
  <testcase name="LogOut" time="0.016" classname="automationFramework.Dependent"/>
</testsuite> <!-- automationFramework.Dependent -->
