<?xml version="1.0" encoding="UTF-8"?>
<!-- Generated by org.testng.reporters.JUnitReportReporter -->
<testsuite hostname="QARTI-NT022" name="automationFramework.Grouping" tests="3" failures="0" timestamp="6 Nov 2015 12:08:16 GMT" time="0.032" errors="0">
  <testcase name="Sedan1" time="0.000" classname="automationFramework.Grouping"/>
  <testcase name="Car1" time="0.016" classname="automationFramework.Grouping"/>
  <testcase name="Car2" time="0.016" classname="automationFramework.Grouping"/>
</testsuite> <!-- automationFramework.Grouping -->
