<?xml version="1.0" encoding="UTF-8"?>
<!-- Generated by org.testng.reporters.JUnitReportReporter -->
<testsuite hostname="QARTI-NT022" name="automationFramework.MultipleTest" tests="3" failures="0" timestamp="6 Nov 2015 12:22:52 GMT" time="0.015" errors="0">
  <testcase name="Two" time="0.000" classname="automationFramework.MultipleTest"/>
  <testcase name="One" time="0.015" classname="automationFramework.MultipleTest"/>
  <testcase name="Four" time="0.000" classname="automationFramework.MultipleTest"/>
</testsuite> <!-- automationFramework.MultipleTest -->
