<?xml version="1.0" encoding="UTF-8"?>
<!-- Generated by org.testng.reporters.JUnitReportReporter -->
<testsuite hostname="QARTI-NT022" name="automationFramework.Sequencing" tests="2" failures="0" timestamp="6 Nov 2015 11:56:40 GMT" time="0.063" errors="0">
  <testcase name="testCase1" time="0.063" classname="automationFramework.Sequencing"/>
  <testcase name="testCase2" time="0.000" classname="automationFramework.Sequencing"/>
</testsuite> <!-- automationFramework.Sequencing -->
