<?xml version="1.0" encoding="UTF-8"?>
<!-- Generated by org.testng.reporters.JUnitReportReporter -->
<testsuite hostname="QARTI-NT022" name="automationFramework.ReporterLogs" tests="1" failures="0" timestamp="6 Nov 2015 16:36:04 GMT" time="21.668" errors="0">
  <testcase name="test" time="21.668" classname="automationFramework.ReporterLogs"/>
</testsuite> <!-- automationFramework.ReporterLogs -->
